<?xml version="1.0" encoding="UTF-8"?>
<testng-results skipped="0" failed="0" total="1" passed="1">
  <reporter-output>
  </reporter-output>
  <suite name="Default suite" duration-ms="25720" started-at="2016-11-17T02:20:35Z" finished-at="2016-11-17T02:21:00Z">
    <groups>
    </groups>
    <test name="Default test" duration-ms="25720" started-at="2016-11-17T02:20:35Z" finished-at="2016-11-17T02:21:00Z">
      <class name="test1.Maven_Jenkins">
        <test-method status="PASS" signature="t1()[pri:0, instance:test1.Maven_Jenkins@776a6d9b]" name="t1" duration-ms="25661" started-at="2016-11-16T21:20:35Z" finished-at="2016-11-16T21:21:00Z">
          <reporter-output>
          </reporter-output>
        </test-method> <!-- t1 -->
      </class> <!-- test1.Maven_Jenkins -->
    </test> <!-- Default test -->
  </suite> <!-- Default suite -->
</testng-results>
